%!Adobe-FontList 1.22
%Locale:0x409

%BeginFont
Handler:DirectoryHandler
FontType:Invalid
OutlineFileName:/Users/ian 1/Documents/work/RK door systems/Quotes documents quotation/Online quotes/RK Quotation online v8 Folder/Document fonts/AdobeFnt22.lst
FileLength:2823
FileModTime:697967456
%EndFont

%BeginFont
Handler:DirectoryHandler
FontType:TrueType
FontName:Arial-BoldMT
FamilyName:Arial
StyleName:Bold
MenuName:Arial
StyleBits:2
WeightClass:700
WidthClass:5
AngleClass:0
FullName:Arial Bold
WritingScript:Roman
OutlineFileName:/Users/ian 1/Documents/work/RK door systems/Quotes documents quotation/Online quotes/RK Quotation online v8 Folder/Document fonts/Arial Bold.ttf
DataFormat:sfntData
hasSVG:no
VariableFontType:NonVariableFont
FileLength:750984
FileModTime:697967456
NameArray:0,Mac,4,Arial Bold
NameArray:0,Win,1,Arial
%EndFont

%BeginFont
Handler:DirectoryHandler
FontType:TrueType
FontName:ArialMT
FamilyName:Arial
StyleName:Regular
MenuName:Arial
StyleBits:0
WeightClass:400
WidthClass:5
AngleClass:0
FullName:Arial
WritingScript:Roman
OutlineFileName:/Users/ian 1/Documents/work/RK door systems/Quotes documents quotation/Online quotes/RK Quotation online v8 Folder/Document fonts/Arial.ttf
DataFormat:sfntData
hasSVG:no
VariableFontType:NonVariableFont
FileLength:773236
FileModTime:697967456
NameArray:0,Mac,4,Arial
NameArray:0,Win,1,Arial
%EndFont

%BeginFont
Handler:DirectoryHandler
FontType:Type1
FontName:Langdon
FamilyName:Langdon
StyleName:Regular
MenuName:Langdon
StyleBits:0
WeightClass:400
WidthClass:5
AngleClass:0
FullName:Langdon
WritingScript:Roman
OutlineFileName:/Users/ian 1/Documents/work/RK door systems/Quotes documents quotation/Online quotes/RK Quotation online v8 Folder/Document fonts/Langdon.otf
DataFormat:sfntData
UsesStandardEncoding:yes
isCFF:yes
hasSVG:no
VariableFontType:NonVariableFont
FileLength:18952
FileModTime:382887862
NameArray:0,Mac,4,Langdon
NameArray:0,Win,1,Langdon
%EndFont

%BeginFont
Handler:DirectoryHandler
FontType:TrueType
FontName:Manrope-SemiBold
FamilyName:Manrope
StyleName:SemiBold
MenuName:Manrope SemiBold
StyleBits:0
WeightClass:600
WidthClass:5
AngleClass:0
FullName:Manrope SemiBold
WritingScript:Roman
OutlineFileName:/Users/ian 1/Documents/work/RK door systems/Quotes documents quotation/Online quotes/RK Quotation online v8 Folder/Document fonts/Manrope-SemiBold.ttf
DataFormat:sfntData
hasSVG:no
VariableFontType:NonVariableFont
FileLength:92380
FileModTime:591739200
NameArray:0,Win,1,Manrope SemiBold
NameArray:0,Win,16,Manrope
%EndFont

%BeginFont
Handler:DirectoryHandler
FontType:TrueType
FontName:Wingdings-Regular
FamilyName:Wingdings
StyleName:Regular
MenuName:Wingdings
StyleBits:0
WeightClass:400
WidthClass:5
AngleClass:0
FullName:Wingdings
WritingScript:Roman
OutlineFileName:/Users/ian 1/Documents/work/RK door systems/Quotes documents quotation/Online quotes/RK Quotation online v8 Folder/Document fonts/Wingdings.ttf
DataFormat:sfntData
hasSVG:no
VariableFontType:NonVariableFont
FileLength:86384
FileModTime:697967456
NameArray:0,Mac,4,Wingdings
NameArray:0,Win,1,Wingdings
%EndFont

